#
# A fatal error has been detected by the Java Runtime Environment:
#
#  EXCEPTION_ACCESS_VIOLATION (0xc0000005) at pc=0x00000193541730dc, pid=21712, tid=21592
#
# JRE version: OpenJDK Runtime Environment (19.0.1+10) (build 19.0.1+10-21)
# Java VM: OpenJDK 64-Bit Server VM (19.0.1+10-21, mixed mode, sharing, tiered, compressed oops, compressed class ptrs, g1 gc, windows-amd64)
# Problematic frame:
# 
[error occurred during error reporting (printing problematic frame), id 0xc0000005, EXCEPTION_ACCESS_VIOLATION (0xc0000005) at pc=0x00007ffaa1ff601e]

# No core dump will be written. Minidumps are not enabled by default on client versions of Windows
#
# If you would like to submit a bug report, please visit:
#   https://bugreport.java.com/bugreport/crash.jsp
# The crash happened outside the Java Virtual Machine in native code.
# See problematic frame for where to report the bug.
#

---------------  S U M M A R Y ------------

Command Line: -javaagent:C:\Program Files\JetBrains\IntelliJ IDEA 2022.2.3\lib\idea_rt.jar=58889:C:\Program Files\JetBrains\IntelliJ IDEA 2022.2.3\bin -Dfile.encoding=UTF-8 -Dsun.stdout.encoding=UTF-8 -Dsun.stderr.encoding=UTF-8 --module-path=C:\Users\majav\.m2\repository\org\openjfx\javafx-controls\19-ea+7\javafx-controls-19-ea+7-win.jar;C:\Users\majav\.m2\repository\org\openjfx\javafx-fxml\19-ea+7\javafx-fxml-19-ea+7-win.jar;C:\Users\majav\.m2\repository\org\openjfx\javafx-graphics\19-ea+7\javafx-graphics-19-ea+7-win.jar;C:\Users\majav\.m2\repository\org\openjfx\javafx-base\19-ea+7\javafx-base-19-ea+7-win.jar;C:\Users\majav\.m2\repository\com\dlsc\formsfx\formsfx-core\11.5.0\formsfx-core-11.5.0.jar;G:\5 semestar\Java\projekt\OrganizacijaRecepata\target\classes;C:\Users\majav\.m2\repository\org\kordamp\bootstrapfx\bootstrapfx-core\0.4.0\bootstrapfx-core-0.4.0.jar;C:\Users\majav\.m2\repository\org\kordamp\ikonli\ikonli-javafx\12.3.1\ikonli-javafx-12.3.1.jar;C:\Users\majav\.m2\repository\org\kordamp\ikonli\ikonli-core\12.3.1\ikonli-core-12.3.1.jar -Djdk.module.main=com.projekt.organizacijarecepata com.projekt.organizacijarecepata/com.projekt.organizacijarecepata.Service.Run

Host: Intel(R) Core(TM) i3-8145U CPU @ 2.10GHz, 4 cores, 7G,  Windows 10 , 64 bit Build 19041 (10.0.19041.2364)
Time: Sun Feb 12 22:30:32 2023 Central Europe Standard Time elapsed time: 2.370225 seconds (0d 0h 0m 2s)

---------------  T H R E A D  ---------------

Current thread (0x000001936f3930e0):  JavaThread "Thread-1" daemon [_thread_in_native, id=21592, stack(0x0000005876700000,0x0000005876800000)]

Stack: [0x0000005876700000,0x0000005876800000]
[error occurred during error reporting (printing stack bounds), id 0xc0000005, EXCEPTION_ACCESS_VIOLATION (0xc0000005) at pc=0x00007ffaa1ff601e]

Native frames: (J=compiled Java code, j=interpreted, Vv=VM code, C=native code)
C  0x00000193541730dc


siginfo: EXCEPTION_ACCESS_VIOLATION (0xc0000005), writing address 0x00000193541df2e3


Registers:
RAX=0x0000019354172810, RBX=0x000001936f1c6450, RCX=0x000001936f1c6450, RDX=0x000001936f3933b0
RSP=0x00000058767ff998, RBP=0x000001936f1c28e0, RSI=0x0000000000000010, RDI=0x00007ffad58ced60
R8 =0x0000000000000051, R9 =0x0000000000000051, R10=0x0000000000000038, R11=0x00000058767ff950
R12=0x000000007ffe000c, R13=0x000000007ffe0008, R14=0x0000000000000000, R15=0x0000000000000000
RIP=0x00000193541730dc, EFLAGS=0x0000000000010206


Register to memory mapping:

RIP=
[error occurred during error reporting (printing register info), id 0xc0000005, EXCEPTION_ACCESS_VIOLATION (0xc0000005) at pc=0x00007ffaa1ff1d7b]

Top of Stack: (sp=0x00000058767ff998)
0x00000058767ff998:   00007ffad58cee63 000001936f3933c0
0x00000058767ff9a8:   0000000000000010 000001936e659d78
0x00000058767ff9b8:   0000000000000000 00007ffad58ced60
0x00000058767ff9c8:   00007ffae1c82811 00007ffae1c9cf40
0x00000058767ff9d8:   00007ffae1c9cf40 00007ffae1c9cf40
0x00000058767ff9e8:   0000000000000010 0000000000000000
0x00000058767ff9f8:   0000000000000000 0000000000000000
0x00000058767ffa08:   0000000000000000 0000000000000002
0x00000058767ffa18:   00001252b52cd33f 0000000000000000
0x00000058767ffa28:   fffffffffffdd73b 0000001000000000
0x00000058767ffa38:   0000000000000000 0000000000000000
0x00000058767ffa48:   0000000000000000 0000000000000000
0x00000058767ffa58:   0000000000000000 0000000000000000
0x00000058767ffa68:   0000000000000000 0000000000000000
0x00000058767ffa78:   0000000000000000 00000000000005bc
0x00000058767ffa88:   000000000000060c 0000000000000000 

Instructions: (pc=0x00000193541730dc)
0x0000019354172fdc:   ff 48 89 14 24 e8 9a 30 38 07 e9 17 fe ff ff 48
0x0000019354172fec:   83 fa 00 0f 84 2d fe ff ff 48 89 34 24 e8 82 33
0x0000019354172ffc:   38 07 e9 1f fe ff ff 49 ba c9 2e 17 54 93 01 00
0x000001935417300c:   00 4d 89 97 90 03 00 00 e9 e7 4d 2d 07 49 8b 87
0x000001935417301c:   20 04 00 00 49 c7 87 20 04 00 00 00 00 00 00 49
0x000001935417302c:   c7 87 28 04 00 00 00 00 00 00 48 83 c4 60 5d e9
0x000001935417303c:   40 ca 37 07 0f 1f 44 00 00 48 bb 00 00 00 00 00
0x000001935417304c:   00 00 00 e9 fb ff ff ff 90 48 bb 00 00 00 00 00
0x000001935417305c:   00 00 00 e9 fb ff ff ff 90 48 bb 00 00 00 00 00
0x000001935417306c:   00 00 00 e9 fb ff ff ff e8 07 f7 37 07 48 b9 28
0x000001935417307c:   49 72 a2 fa 7f 00 00 48 83 e4 f0 49 ba 00 fe 3d
0x000001935417308c:   a2 fa 7f 00 00 41 ff d2 f4 49 ba 95 30 17 54 93
0x000001935417309c:   01 00 00 41 52 e9 fa 3f 2d 07 f4 f4 f8 52 40 00
0x00000193541730ac:   08 00 00 00 c8 fb 45 00 08 00 00 00 e0 4f 40 00
0x00000193541730bc:   08 00 00 00 60 eb 0a 00 08 00 00 00 40 f1 0a 00
0x00000193541730cc:   08 00 00 00 ff 08 00 c2 04 00 00 00 00 00 00 00
0x00000193541730dc:   c1 05 00 c2 06 00 c2 0b 00 00 01 00 c2 04 00 01
0x00000193541730ec:   30 01 16 00 08 00 c2 04 00 00 00 00 00 00 00 00
0x00000193541730fc:   00 00 00 00 00 00 00 01 4c 20 00 00 08 00 00 00
0x000001935417310c:   00 00 00 00 00 00 00 00 00 00 00 00 00 00 01 70
0x000001935417311c:   38 00 00 08 00 92 00 d3 05 00 d2 06 00 d3 04 00
0x000001935417312c:   d3 03 00 52 00 c2 0b 00 00 00 01 00 4f 00 00 00
0x000001935417313c:   01 02 4f 00 00 01 00 92 6b 02 00 71 00 00 08 00
0x000001935417314c:   92 00 00 00 d2 06 00 00 00 d3 03 00 52 00 c2 0b
0x000001935417315c:   00 00 00 01 28 7a 71 00 02 00 d3 04 00 d2 06 8e
0x000001935417316c:   03 00 94 00 00 02 00 00 00 00 8e 03 08 a1 00 00
0x000001935417317c:   8e 03 12 a1 00 00 8e 03 13 a1 00 00 00 01 30 38
0x000001935417318c:   00 00 00 01 33 38 00 00 00 00 00 00 ff ff ff ff
0x000001935417319c:   00 00 00 00 00 00 00 00 00 00 00 00 7c 02 00 00
0x00000193541731ac:   1a 00 00 00 00 00 00 00 00 00 00 00 24 04 00 00
0x00000193541731bc:   32 00 00 00 00 00 00 00 00 00 00 00 a4 04 00 00
0x00000193541731cc:   49 00 00 00 00 00 00 00 00 00 00 00 d3 04 00 00 



[error occurred during error reporting (inspecting top of stack), id 0xc0000005, EXCEPTION_ACCESS_VIOLATION (0xc0000005) at pc=0x00007ffaa1ff601e]


[error occurred during error reporting (printing code blobs if possible), id 0xc0000005, EXCEPTION_ACCESS_VIOLATION (0xc0000005) at pc=0x00007ffaa1ff601e]


---------------  P R O C E S S  ---------------

Threads class SMR info:
_java_thread_list=0x000001936f705070, length=16, elements={
0x000001934bf5b9e0, 0x0000019369e8da20, 0x0000019369e8e5c0, 0x0000019369e91070,
0x0000019369e925c0, 0x0000019369e92b00, 0x0000019369e93040, 0x0000019369e938b0,
0x000001936e0087c0, 0x0000019369ef8b00, 0x0000019369e5a1d0, 0x000001936ef5d940,
0x000001936ef5de80, 0x000001936f0cff60, 0x000001936f3930e0, 0x000001936f5663f0
}

Java Threads: ( => current thread )
  0x000001934bf5b9e0 JavaThread "main" [_thread_blocked, id=19056, stack(0x0000005874a00000,0x0000005874b00000)]
  0x0000019369e8da20 JavaThread "Reference Handler" daemon [_thread_blocked, id=17524, stack(0x0000005875100000,0x0000005875200000)]
  0x0000019369e8e5c0 JavaThread "Finalizer" daemon [_thread_blocked, id=4740, stack(0x0000005875200000,0x0000005875300000)]
  0x0000019369e91070 JavaThread "Signal Dispatcher" daemon [_thread_blocked, id=13956, stack(0x0000005875300000,0x0000005875400000)]
  0x0000019369e925c0 JavaThread "Attach Listener" daemon [_thread_blocked, id=16512, stack(0x0000005875400000,0x0000005875500000)]
  0x0000019369e92b00 JavaThread "Service Thread" daemon [_thread_blocked, id=13232, stack(0x0000005875500000,0x0000005875600000)]
  0x0000019369e93040 JavaThread "Monitor Deflation Thread" daemon [_thread_blocked, id=24444, stack(0x0000005875600000,0x0000005875700000)]
  0x0000019369e938b0 JavaThread "C2 CompilerThread0" daemon [_thread_blocked, id=6024, stack(0x0000005875700000,0x0000005875800000)]
  0x000001936e0087c0 JavaThread "C1 CompilerThread0" daemon [_thread_blocked, id=25816, stack(0x0000005875800000,0x0000005875900000)]
  0x0000019369ef8b00 JavaThread "Sweeper thread" daemon [_thread_blocked, id=18556, stack(0x0000005875900000,0x0000005875a00000)]
  0x0000019369e5a1d0 JavaThread "Common-Cleaner" daemon [_thread_blocked, id=12976, stack(0x0000005875a00000,0x0000005875b00000)]
  0x000001936ef5d940 JavaThread "Monitor Ctrl-Break" daemon [_thread_in_native, id=20452, stack(0x0000005875c00000,0x0000005875d00000)]
  0x000001936ef5de80 JavaThread "Notification Thread" daemon [_thread_blocked, id=14820, stack(0x0000005875d00000,0x0000005875e00000)]
  0x000001936f0cff60 JavaThread "InvokeLaterDispatcher" daemon [_thread_blocked, id=23064, stack(0x0000005876300000,0x0000005876400000)]
=>0x000001936f3930e0 JavaThread "Thread-1" daemon [_thread_in_native, id=21592, stack(0x0000005876700000,0x0000005876800000)]
  0x000001936f5663f0 JavaThread "C2 CompilerThread1" daemon [_thread_blocked, id=11688, stack(0x0000005876900000,0x0000005876a00000)]

Other Threads:
  0x0000019369e717d0 VMThread "VM Thread" [stack: 0x0000005875000000,0x0000005875100000] [id=25840]
  0x000001936e5514c0 WatcherThread "VM Periodic Task Thread" [stack: 0x0000005875e00000,0x0000005875f00000] [id=23936]
  0x000001934bfb7fd0 WorkerThread "GC Thread#0" [stack: 0x0000005874b00000,0x0000005874c00000] [id=18500]
  0x000001936ef91300 WorkerThread "GC Thread#1" [stack: 0x0000005875f00000,0x0000005876000000] [id=12444]
  0x000001936e66f190 WorkerThread "GC Thread#2" [stack: 0x0000005876000000,0x0000005876100000] [id=25844]
  0x000001936ecb6820 WorkerThread "GC Thread#3" [stack: 0x0000005876100000,0x0000005876200000] [id=7876]
  0x000001934bfc88e0 ConcurrentGCThread "G1 Main Marker" [stack: 0x0000005874c00000,0x0000005874d00000] [id=23368]
  0x0000019349f0cc20 WorkerThread "G1 Conc#0" [stack: 0x0000005874d00000,0x0000005874e00000] [id=9180]
  0x0000019369d280e0 ConcurrentGCThread "G1 Refine#0" [stack: 0x0000005874e00000,0x0000005874f00000] [id=5236]
  0x0000019369d28b30 ConcurrentGCThread "G1 Service" [stack: 0x0000005874f00000,0x0000005875000000] [id=10704]

Threads with active compile tasks:

VM state: not at safepoint (normal execution)

VM Mutex/Monitor currently owned by a thread: None

Heap address: 0x0000000081c00000, size: 2020 MB, Compressed Oops mode: 32-bit

CDS archive(s) mapped at: [0x0000000800000000-0x0000000800c30000-0x0000000800c30000), size 12779520, SharedBaseAddress: 0x0000000800000000, ArchiveRelocationMode: 0.
Compressed class space mapped at: 0x0000000801000000-0x0000000841000000, reserved size: 1073741824
Narrow klass base: 0x0000000800000000, Narrow klass shift: 0, Narrow klass range: 0x100000000

GC Precious Log:
 CardTable entry size: 512
 Card Set container configuration: InlinePtr #cards 5 size 8 Array Of Cards #cards 12 size 40 Howl #buckets 4 coarsen threshold 1843 Howl Bitmap #cards 512 size 80 coarsen threshold 460 Card regions per heap region 1 cards per card region 2048
 CPUs: 4 total, 4 available
 Memory: 8072M
 Large Page Support: Disabled
 NUMA Support: Disabled
 Compressed Oops: Enabled (32-bit)
 Heap Region Size: 1M
 Heap Min Capacity: 8M
 Heap Initial Capacity: 128M
 Heap Max Capacity: 2020M
 Pre-touch: Disabled
 Parallel Workers: 4
 Concurrent Workers: 1
 Concurrent Refinement Workers: 4
 Periodic GC: Disabled

Heap:
 garbage-first heap   total 131072K, used 14077K [0x0000000081c00000, 0x0000000100000000)
  region size 1024K, 14 young (14336K), 3 survivors (3072K)
 Metaspace       used 10386K, committed 10688K, reserved 1114112K
  class space    used 1324K, committed 1472K, reserved 1048576K

Heap Regions: E=young(eden), S=young(survivor), O=old, HS=humongous(starts), HC=humongous(continues), CS=collection set, F=free, OA=open archive, CA=closed archive, TAMS=top-at-mark-start (previous, next)
|   0|0x0000000081c00000, 0x0000000081d00000, 0x0000000081d00000|100%| O|  |TAMS 0x0000000081c00000, 0x0000000081c00000| Untracked 
|   1|0x0000000081d00000, 0x0000000081dbf400, 0x0000000081e00000| 74%| O|  |TAMS 0x0000000081d00000, 0x0000000081d00000| Untracked 
|   2|0x0000000081e00000, 0x0000000081e00000, 0x0000000081f00000|  0%| F|  |TAMS 0x0000000081e00000, 0x0000000081e00000| Untracked 
|   3|0x0000000081f00000, 0x0000000081f00000, 0x0000000082000000|  0%| F|  |TAMS 0x0000000081f00000, 0x0000000081f00000| Untracked 
|   4|0x0000000082000000, 0x0000000082000000, 0x0000000082100000|  0%| F|  |TAMS 0x0000000082000000, 0x0000000082000000| Untracked 
|   5|0x0000000082100000, 0x0000000082100000, 0x0000000082200000|  0%| F|  |TAMS 0x0000000082100000, 0x0000000082100000| Untracked 
|   6|0x0000000082200000, 0x0000000082200000, 0x0000000082300000|  0%| F|  |TAMS 0x0000000082200000, 0x0000000082200000| Untracked 
|   7|0x0000000082300000, 0x0000000082300000, 0x0000000082400000|  0%| F|  |TAMS 0x0000000082300000, 0x0000000082300000| Untracked 
|   8|0x0000000082400000, 0x0000000082400000, 0x0000000082500000|  0%| F|  |TAMS 0x0000000082400000, 0x0000000082400000| Untracked 
|   9|0x0000000082500000, 0x0000000082500000, 0x0000000082600000|  0%| F|  |TAMS 0x0000000082500000, 0x0000000082500000| Untracked 
|  10|0x0000000082600000, 0x0000000082600000, 0x0000000082700000|  0%| F|  |TAMS 0x0000000082600000, 0x0000000082600000| Untracked 
|  11|0x0000000082700000, 0x0000000082700000, 0x0000000082800000|  0%| F|  |TAMS 0x0000000082700000, 0x0000000082700000| Untracked 
|  12|0x0000000082800000, 0x0000000082800000, 0x0000000082900000|  0%| F|  |TAMS 0x0000000082800000, 0x0000000082800000| Untracked 
|  13|0x0000000082900000, 0x0000000082900000, 0x0000000082a00000|  0%| F|  |TAMS 0x0000000082900000, 0x0000000082900000| Untracked 
|  14|0x0000000082a00000, 0x0000000082a00000, 0x0000000082b00000|  0%| F|  |TAMS 0x0000000082a00000, 0x0000000082a00000| Untracked 
|  15|0x0000000082b00000, 0x0000000082b00000, 0x0000000082c00000|  0%| F|  |TAMS 0x0000000082b00000, 0x0000000082b00000| Untracked 
|  16|0x0000000082c00000, 0x0000000082c00000, 0x0000000082d00000|  0%| F|  |TAMS 0x0000000082c00000, 0x0000000082c00000| Untracked 
|  17|0x0000000082d00000, 0x0000000082d00000, 0x0000000082e00000|  0%| F|  |TAMS 0x0000000082d00000, 0x0000000082d00000| Untracked 
|  18|0x0000000082e00000, 0x0000000082e00000, 0x0000000082f00000|  0%| F|  |TAMS 0x0000000082e00000, 0x0000000082e00000| Untracked 
|  19|0x0000000082f00000, 0x0000000082f00000, 0x0000000083000000|  0%| F|  |TAMS 0x0000000082f00000, 0x0000000082f00000| Untracked 
|  20|0x0000000083000000, 0x0000000083000000, 0x0000000083100000|  0%| F|  |TAMS 0x0000000083000000, 0x0000000083000000| Untracked 
|  21|0x0000000083100000, 0x0000000083100000, 0x0000000083200000|  0%| F|  |TAMS 0x0000000083100000, 0x0000000083100000| Untracked 
|  22|0x0000000083200000, 0x0000000083200000, 0x0000000083300000|  0%| F|  |TAMS 0x0000000083200000, 0x0000000083200000| Untracked 
|  23|0x0000000083300000, 0x0000000083300000, 0x0000000083400000|  0%| F|  |TAMS 0x0000000083300000, 0x0000000083300000| Untracked 
|  24|0x0000000083400000, 0x0000000083400000, 0x0000000083500000|  0%| F|  |TAMS 0x0000000083400000, 0x0000000083400000| Untracked 
|  25|0x0000000083500000, 0x0000000083500000, 0x0000000083600000|  0%| F|  |TAMS 0x0000000083500000, 0x0000000083500000| Untracked 
|  26|0x0000000083600000, 0x0000000083600000, 0x0000000083700000|  0%| F|  |TAMS 0x0000000083600000, 0x0000000083600000| Untracked 
|  27|0x0000000083700000, 0x0000000083700000, 0x0000000083800000|  0%| F|  |TAMS 0x0000000083700000, 0x0000000083700000| Untracked 
|  28|0x0000000083800000, 0x0000000083800000, 0x0000000083900000|  0%| F|  |TAMS 0x0000000083800000, 0x0000000083800000| Untracked 
|  29|0x0000000083900000, 0x0000000083900000, 0x0000000083a00000|  0%| F|  |TAMS 0x0000000083900000, 0x0000000083900000| Untracked 
|  30|0x0000000083a00000, 0x0000000083a00000, 0x0000000083b00000|  0%| F|  |TAMS 0x0000000083a00000, 0x0000000083a00000| Untracked 
|  31|0x0000000083b00000, 0x0000000083b00000, 0x0000000083c00000|  0%| F|  |TAMS 0x0000000083b00000, 0x0000000083b00000| Untracked 
|  32|0x0000000083c00000, 0x0000000083c00000, 0x0000000083d00000|  0%| F|  |TAMS 0x0000000083c00000, 0x0000000083c00000| Untracked 
|  33|0x0000000083d00000, 0x0000000083d00000, 0x0000000083e00000|  0%| F|  |TAMS 0x0000000083d00000, 0x0000000083d00000| Untracked 
|  34|0x0000000083e00000, 0x0000000083e00000, 0x0000000083f00000|  0%| F|  |TAMS 0x0000000083e00000, 0x0000000083e00000| Untracked 
|  35|0x0000000083f00000, 0x0000000083f00000, 0x0000000084000000|  0%| F|  |TAMS 0x0000000083f00000, 0x0000000083f00000| Untracked 
|  36|0x0000000084000000, 0x0000000084000000, 0x0000000084100000|  0%| F|  |TAMS 0x0000000084000000, 0x0000000084000000| Untracked 
|  37|0x0000000084100000, 0x0000000084100000, 0x0000000084200000|  0%| F|  |TAMS 0x0000000084100000, 0x0000000084100000| Untracked 
|  38|0x0000000084200000, 0x0000000084200000, 0x0000000084300000|  0%| F|  |TAMS 0x0000000084200000, 0x0000000084200000| Untracked 
|  39|0x0000000084300000, 0x0000000084300000, 0x0000000084400000|  0%| F|  |TAMS 0x0000000084300000, 0x0000000084300000| Untracked 
|  40|0x0000000084400000, 0x0000000084400000, 0x0000000084500000|  0%| F|  |TAMS 0x0000000084400000, 0x0000000084400000| Untracked 
|  41|0x0000000084500000, 0x0000000084500000, 0x0000000084600000|  0%| F|  |TAMS 0x0000000084500000, 0x0000000084500000| Untracked 
|  42|0x0000000084600000, 0x0000000084600000, 0x0000000084700000|  0%| F|  |TAMS 0x0000000084600000, 0x0000000084600000| Untracked 
|  43|0x0000000084700000, 0x0000000084700000, 0x0000000084800000|  0%| F|  |TAMS 0x0000000084700000, 0x0000000084700000| Untracked 
|  44|0x0000000084800000, 0x0000000084800000, 0x0000000084900000|  0%| F|  |TAMS 0x0000000084800000, 0x0000000084800000| Untracked 
|  45|0x0000000084900000, 0x0000000084900000, 0x0000000084a00000|  0%| F|  |TAMS 0x0000000084900000, 0x0000000084900000| Untracked 
|  46|0x0000000084a00000, 0x0000000084a00000, 0x0000000084b00000|  0%| F|  |TAMS 0x0000000084a00000, 0x0000000084a00000| Untracked 
|  47|0x0000000084b00000, 0x0000000084b00000, 0x0000000084c00000|  0%| F|  |TAMS 0x0000000084b00000, 0x0000000084b00000| Untracked 
|  48|0x0000000084c00000, 0x0000000084c00000, 0x0000000084d00000|  0%| F|  |TAMS 0x0000000084c00000, 0x0000000084c00000| Untracked 
|  49|0x0000000084d00000, 0x0000000084d00000, 0x0000000084e00000|  0%| F|  |TAMS 0x0000000084d00000, 0x0000000084d00000| Untracked 
|  50|0x0000000084e00000, 0x0000000084e00000, 0x0000000084f00000|  0%| F|  |TAMS 0x0000000084e00000, 0x0000000084e00000| Untracked 
|  51|0x0000000084f00000, 0x0000000084f00000, 0x0000000085000000|  0%| F|  |TAMS 0x0000000084f00000, 0x0000000084f00000| Untracked 
|  52|0x0000000085000000, 0x0000000085000000, 0x0000000085100000|  0%| F|  |TAMS 0x0000000085000000, 0x0000000085000000| Untracked 
|  53|0x0000000085100000, 0x0000000085100000, 0x0000000085200000|  0%| F|  |TAMS 0x0000000085100000, 0x0000000085100000| Untracked 
|  54|0x0000000085200000, 0x0000000085200000, 0x0000000085300000|  0%| F|  |TAMS 0x0000000085200000, 0x0000000085200000| Untracked 
|  55|0x0000000085300000, 0x0000000085300000, 0x0000000085400000|  0%| F|  |TAMS 0x0000000085300000, 0x0000000085300000| Untracked 
|  56|0x0000000085400000, 0x0000000085400000, 0x0000000085500000|  0%| F|  |TAMS 0x0000000085400000, 0x0000000085400000| Untracked 
|  57|0x0000000085500000, 0x0000000085500000, 0x0000000085600000|  0%| F|  |TAMS 0x0000000085500000, 0x0000000085500000| Untracked 
|  58|0x0000000085600000, 0x0000000085600000, 0x0000000085700000|  0%| F|  |TAMS 0x0000000085600000, 0x0000000085600000| Untracked 
|  59|0x0000000085700000, 0x0000000085700000, 0x0000000085800000|  0%| F|  |TAMS 0x0000000085700000, 0x0000000085700000| Untracked 
|  60|0x0000000085800000, 0x0000000085800000, 0x0000000085900000|  0%| F|  |TAMS 0x0000000085800000, 0x0000000085800000| Untracked 
|  61|0x0000000085900000, 0x0000000085900000, 0x0000000085a00000|  0%| F|  |TAMS 0x0000000085900000, 0x0000000085900000| Untracked 
|  62|0x0000000085a00000, 0x0000000085a00000, 0x0000000085b00000|  0%| F|  |TAMS 0x0000000085a00000, 0x0000000085a00000| Untracked 
|  63|0x0000000085b00000, 0x0000000085b00000, 0x0000000085c00000|  0%| F|  |TAMS 0x0000000085b00000, 0x0000000085b00000| Untracked 
|  64|0x0000000085c00000, 0x0000000085c00000, 0x0000000085d00000|  0%| F|  |TAMS 0x0000000085c00000, 0x0000000085c00000| Untracked 
|  65|0x0000000085d00000, 0x0000000085d00000, 0x0000000085e00000|  0%| F|  |TAMS 0x0000000085d00000, 0x0000000085d00000| Untracked 
|  66|0x0000000085e00000, 0x0000000085e00000, 0x0000000085f00000|  0%| F|  |TAMS 0x0000000085e00000, 0x0000000085e00000| Untracked 
|  67|0x0000000085f00000, 0x0000000085f00000, 0x0000000086000000|  0%| F|  |TAMS 0x0000000085f00000, 0x0000000085f00000| Untracked 
|  68|0x0000000086000000, 0x0000000086000000, 0x0000000086100000|  0%| F|  |TAMS 0x0000000086000000, 0x0000000086000000| Untracked 
|  69|0x0000000086100000, 0x0000000086100000, 0x0000000086200000|  0%| F|  |TAMS 0x0000000086100000, 0x0000000086100000| Untracked 
|  70|0x0000000086200000, 0x0000000086200000, 0x0000000086300000|  0%| F|  |TAMS 0x0000000086200000, 0x0000000086200000| Untracked 
|  71|0x0000000086300000, 0x0000000086300000, 0x0000000086400000|  0%| F|  |TAMS 0x0000000086300000, 0x0000000086300000| Untracked 
|  72|0x0000000086400000, 0x0000000086400000, 0x0000000086500000|  0%| F|  |TAMS 0x0000000086400000, 0x0000000086400000| Untracked 
|  73|0x0000000086500000, 0x0000000086500000, 0x0000000086600000|  0%| F|  |TAMS 0x0000000086500000, 0x0000000086500000| Untracked 
|  74|0x0000000086600000, 0x0000000086600000, 0x0000000086700000|  0%| F|  |TAMS 0x0000000086600000, 0x0000000086600000| Untracked 
|  75|0x0000000086700000, 0x0000000086700000, 0x0000000086800000|  0%| F|  |TAMS 0x0000000086700000, 0x0000000086700000| Untracked 
|  76|0x0000000086800000, 0x0000000086800000, 0x0000000086900000|  0%| F|  |TAMS 0x0000000086800000, 0x0000000086800000| Untracked 
|  77|0x0000000086900000, 0x0000000086900000, 0x0000000086a00000|  0%| F|  |TAMS 0x0000000086900000, 0x0000000086900000| Untracked 
|  78|0x0000000086a00000, 0x0000000086a00000, 0x0000000086b00000|  0%| F|  |TAMS 0x0000000086a00000, 0x0000000086a00000| Untracked 
|  79|0x0000000086b00000, 0x0000000086b00000, 0x0000000086c00000|  0%| F|  |TAMS 0x0000000086b00000, 0x0000000086b00000| Untracked 
|  80|0x0000000086c00000, 0x0000000086c00000, 0x0000000086d00000|  0%| F|  |TAMS 0x0000000086c00000, 0x0000000086c00000| Untracked 
|  81|0x0000000086d00000, 0x0000000086d00000, 0x0000000086e00000|  0%| F|  |TAMS 0x0000000086d00000, 0x0000000086d00000| Untracked 
|  82|0x0000000086e00000, 0x0000000086e00000, 0x0000000086f00000|  0%| F|  |TAMS 0x0000000086e00000, 0x0000000086e00000| Untracked 
|  83|0x0000000086f00000, 0x0000000086f00000, 0x0000000087000000|  0%| F|  |TAMS 0x0000000086f00000, 0x0000000086f00000| Untracked 
|  84|0x0000000087000000, 0x0000000087000000, 0x0000000087100000|  0%| F|  |TAMS 0x0000000087000000, 0x0000000087000000| Untracked 
|  85|0x0000000087100000, 0x0000000087100000, 0x0000000087200000|  0%| F|  |TAMS 0x0000000087100000, 0x0000000087100000| Untracked 
|  86|0x0000000087200000, 0x0000000087200000, 0x0000000087300000|  0%| F|  |TAMS 0x0000000087200000, 0x0000000087200000| Untracked 
|  87|0x0000000087300000, 0x0000000087300000, 0x0000000087400000|  0%| F|  |TAMS 0x0000000087300000, 0x0000000087300000| Untracked 
|  88|0x0000000087400000, 0x0000000087400000, 0x0000000087500000|  0%| F|  |TAMS 0x0000000087400000, 0x0000000087400000| Untracked 
|  89|0x0000000087500000, 0x0000000087500000, 0x0000000087600000|  0%| F|  |TAMS 0x0000000087500000, 0x0000000087500000| Untracked 
|  90|0x0000000087600000, 0x0000000087600000, 0x0000000087700000|  0%| F|  |TAMS 0x0000000087600000, 0x0000000087600000| Untracked 
|  91|0x0000000087700000, 0x0000000087700000, 0x0000000087800000|  0%| F|  |TAMS 0x0000000087700000, 0x0000000087700000| Untracked 
|  92|0x0000000087800000, 0x0000000087800000, 0x0000000087900000|  0%| F|  |TAMS 0x0000000087800000, 0x0000000087800000| Untracked 
|  93|0x0000000087900000, 0x0000000087900000, 0x0000000087a00000|  0%| F|  |TAMS 0x0000000087900000, 0x0000000087900000| Untracked 
|  94|0x0000000087a00000, 0x0000000087a00000, 0x0000000087b00000|  0%| F|  |TAMS 0x0000000087a00000, 0x0000000087a00000| Untracked 
|  95|0x0000000087b00000, 0x0000000087b00000, 0x0000000087c00000|  0%| F|  |TAMS 0x0000000087b00000, 0x0000000087b00000| Untracked 
|  96|0x0000000087c00000, 0x0000000087c00000, 0x0000000087d00000|  0%| F|  |TAMS 0x0000000087c00000, 0x0000000087c00000| Untracked 
|  97|0x0000000087d00000, 0x0000000087d00000, 0x0000000087e00000|  0%| F|  |TAMS 0x0000000087d00000, 0x0000000087d00000| Untracked 
|  98|0x0000000087e00000, 0x0000000087e00000, 0x0000000087f00000|  0%| F|  |TAMS 0x0000000087e00000, 0x0000000087e00000| Untracked 
|  99|0x0000000087f00000, 0x0000000087f00000, 0x0000000088000000|  0%| F|  |TAMS 0x0000000087f00000, 0x0000000087f00000| Untracked 
| 100|0x0000000088000000, 0x0000000088000000, 0x0000000088100000|  0%| F|  |TAMS 0x0000000088000000, 0x0000000088000000| Untracked 
| 101|0x0000000088100000, 0x0000000088100000, 0x0000000088200000|  0%| F|  |TAMS 0x0000000088100000, 0x0000000088100000| Untracked 
| 102|0x0000000088200000, 0x0000000088200000, 0x0000000088300000|  0%| F|  |TAMS 0x0000000088200000, 0x0000000088200000| Untracked 
| 103|0x0000000088300000, 0x0000000088300000, 0x0000000088400000|  0%| F|  |TAMS 0x0000000088300000, 0x0000000088300000| Untracked 
| 104|0x0000000088400000, 0x0000000088400000, 0x0000000088500000|  0%| F|  |TAMS 0x0000000088400000, 0x0000000088400000| Untracked 
| 105|0x0000000088500000, 0x0000000088500000, 0x0000000088600000|  0%| F|  |TAMS 0x0000000088500000, 0x0000000088500000| Untracked 
| 106|0x0000000088600000, 0x0000000088700000, 0x0000000088700000|100%| S|CS|TAMS 0x0000000088600000, 0x0000000088600000| Complete 
| 107|0x0000000088700000, 0x0000000088800000, 0x0000000088800000|100%| S|CS|TAMS 0x0000000088700000, 0x0000000088700000| Complete 
| 108|0x0000000088800000, 0x0000000088900000, 0x0000000088900000|100%| S|CS|TAMS 0x0000000088800000, 0x0000000088800000| Complete 
| 109|0x0000000088900000, 0x0000000088900000, 0x0000000088a00000|  0%| F|  |TAMS 0x0000000088900000, 0x0000000088900000| Untracked 
| 110|0x0000000088a00000, 0x0000000088a00000, 0x0000000088b00000|  0%| F|  |TAMS 0x0000000088a00000, 0x0000000088a00000| Untracked 
| 111|0x0000000088b00000, 0x0000000088b00000, 0x0000000088c00000|  0%| F|  |TAMS 0x0000000088b00000, 0x0000000088b00000| Untracked 
| 112|0x0000000088c00000, 0x0000000088c00000, 0x0000000088d00000|  0%| F|  |TAMS 0x0000000088c00000, 0x0000000088c00000| Untracked 
| 113|0x0000000088d00000, 0x0000000088d00000, 0x0000000088e00000|  0%| F|  |TAMS 0x0000000088d00000, 0x0000000088d00000| Untracked 
| 114|0x0000000088e00000, 0x0000000088e00000, 0x0000000088f00000|  0%| F|  |TAMS 0x0000000088e00000, 0x0000000088e00000| Untracked 
| 115|0x0000000088f00000, 0x0000000088f00000, 0x0000000089000000|  0%| F|  |TAMS 0x0000000088f00000, 0x0000000088f00000| Untracked 
| 116|0x0000000089000000, 0x0000000089000000, 0x0000000089100000|  0%| F|  |TAMS 0x0000000089000000, 0x0000000089000000| Untracked 
| 117|0x0000000089100000, 0x0000000089144b08, 0x0000000089200000| 26%| E|  |TAMS 0x0000000089100000, 0x0000000089100000| Complete 
| 118|0x0000000089200000, 0x0000000089300000, 0x0000000089300000|100%| E|CS|TAMS 0x0000000089200000, 0x0000000089200000| Complete 
| 119|0x0000000089300000, 0x0000000089400000, 0x0000000089400000|100%| E|CS|TAMS 0x0000000089300000, 0x0000000089300000| Complete 
| 120|0x0000000089400000, 0x0000000089500000, 0x0000000089500000|100%| E|CS|TAMS 0x0000000089400000, 0x0000000089400000| Complete 
| 121|0x0000000089500000, 0x0000000089600000, 0x0000000089600000|100%| E|CS|TAMS 0x0000000089500000, 0x0000000089500000| Complete 
| 122|0x0000000089600000, 0x0000000089700000, 0x0000000089700000|100%| E|CS|TAMS 0x0000000089600000, 0x0000000089600000| Complete 
| 123|0x0000000089700000, 0x0000000089800000, 0x0000000089800000|100%| E|CS|TAMS 0x0000000089700000, 0x0000000089700000| Complete 
| 124|0x0000000089800000, 0x0000000089900000, 0x0000000089900000|100%| E|CS|TAMS 0x0000000089800000, 0x0000000089800000| Complete 
| 125|0x0000000089900000, 0x0000000089a00000, 0x0000000089a00000|100%| E|CS|TAMS 0x0000000089900000, 0x0000000089900000| Complete 
| 126|0x0000000089a00000, 0x0000000089b00000, 0x0000000089b00000|100%| E|CS|TAMS 0x0000000089a00000, 0x0000000089a00000| Complete 
| 127|0x0000000089b00000, 0x0000000089c00000, 0x0000000089c00000|100%| E|  |TAMS 0x0000000089b00000, 0x0000000089b00000| Complete 

Card table byte_map: [0x00000193632b0000,0x00000193636b0000] _byte_map_base: 0x0000019362ea2000

Marking Bits (Prev, Next): (CMBitMap*) 0x0000019349f0bfa0, (CMBitMap*) 0x0000019349f0bfe0
 Prev Bits: [0x0000019363ab0000, 0x0000019365a40000)
 Next Bits: [0x0000019365a40000, 0x00000193679d0000)

Polling page: 0x0000019349f30000

Metaspace:

Usage:
  Non-class:      8.85 MB used.
      Class:      1.29 MB used.
       Both:     10.14 MB used.

Virtual space:
  Non-class space:       64.00 MB reserved,       9.00 MB ( 14%) committed,  1 nodes.
      Class space:        1.00 GB reserved,       1.44 MB ( <1%) committed,  1 nodes.
             Both:        1.06 GB reserved,      10.44 MB ( <1%) committed. 

Chunk freelists:
   Non-Class:  2.91 MB
       Class:  2.48 MB
        Both:  5.40 MB

MaxMetaspaceSize: unlimited
CompressedClassSpaceSize: 1.00 GB
Initial GC threshold: 21.00 MB
Current GC threshold: 21.00 MB
CDS: on
MetaspaceReclaimPolicy: balanced
 - commit_granule_bytes: 65536.
 - commit_granule_words: 8192.
 - virtual_space_node_default_size: 8388608.
 - enlarge_chunks_in_place: 1.
 - new_chunks_are_fully_committed: 0.
 - uncommit_free_chunks: 1.
 - use_allocation_guard: 0.


Internal statistics:

num_allocs_failed_limit: 0.
num_arena_births: 322.
num_arena_deaths: 0.
num_vsnodes_births: 2.
num_vsnodes_deaths: 0.
num_space_committed: 167.
num_space_uncommitted: 0.
num_chunks_returned_to_freelist: 0.
num_chunks_taken_from_freelist: 591.
num_chunk_merges: 0.
num_chunk_splits: 418.
num_chunks_enlarged: 302.
num_inconsistent_stats: 0.

CodeHeap 'non-profiled nmethods': size=120000Kb used=640Kb max_used=640Kb free=119360Kb
 bounds [0x000001935b980000, 0x000001935bbf0000, 0x0000019362eb0000]
CodeHeap 'profiled nmethods': size=120000Kb used=2873Kb max_used=2873Kb free=117126Kb
 bounds [0x0000019353eb0000, 0x0000019354180000, 0x000001935b3e0000]
CodeHeap 'non-nmethods': size=5760Kb used=1387Kb max_used=1438Kb free=4372Kb
 bounds [0x000001935b3e0000, 0x000001935b650000, 0x000001935b980000]
 total_blobs=2267 nmethods=1629 adapters=548
 compilation: enabled
              stopped_count=0, restarted_count=0
 full_count=0

Compilation events (20 events):
Event: 2.305 Thread 0x000001936e0087c0 1610       3       java.lang.invoke.MethodHandle::asTypeUncached (54 bytes)
Event: 2.306 Thread 0x000001936e0087c0 nmethod 1610 0x0000019354175b90 code [0x0000019354175e40, 0x00000193541768c8]
Event: 2.306 Thread 0x000001936e0087c0 1611       3       java.lang.invoke.MethodType::isConvertibleTo (164 bytes)
Event: 2.307 Thread 0x000001936e0087c0 nmethod 1611 0x0000019354176d90 code [0x0000019354176fe0, 0x0000019354177968]
Event: 2.307 Thread 0x000001936e0087c0 1612       3       java.lang.reflect.Method::getParameterCount (6 bytes)
Event: 2.307 Thread 0x000001936e0087c0 nmethod 1612 0x0000019354177c10 code [0x0000019354177da0, 0x0000019354177eb8]
Event: 2.313 Thread 0x0000019369e938b0 nmethod 1575 0x000001935ba0b190 code [0x000001935ba0bea0, 0x000001935ba0df00]
Event: 2.313 Thread 0x0000019369e938b0 1581       4       java.lang.Class::getInterfaces (49 bytes)
Event: 2.314 Thread 0x000001936e0087c0 1613       3       java.lang.ThreadLocal::get (47 bytes)
Event: 2.314 Thread 0x000001936e0087c0 nmethod 1613 0x0000019354177f90 code [0x0000019354178180, 0x00000193541785c8]
Event: 2.318 Thread 0x0000019369e938b0 nmethod 1581 0x000001935ba0fa10 code [0x000001935ba0fbc0, 0x000001935ba0ffb8]
Event: 2.318 Thread 0x0000019369e938b0 1608       4       java.lang.Class::privateGetDeclaredMethods (64 bytes)
Event: 2.322 Thread 0x0000019369e938b0 nmethod 1608 0x000001935ba10210 code [0x000001935ba103c0, 0x000001935ba10828]
Event: 2.322 Thread 0x0000019369e938b0 1592       4       java.util.stream.ReduceOps$3ReducingSink::accept (15 bytes)
Event: 2.323 Thread 0x000001936e0087c0 1614       3       jdk.internal.org.objectweb.asm.FieldWriter::visitEnd (1 bytes)
Event: 2.323 Thread 0x000001936e0087c0 nmethod 1614 0x0000019354178790 code [0x0000019354178920, 0x0000019354178a38]
Event: 2.325 Thread 0x000001936e0087c0 1615       3       java.lang.invoke.InvokerBytecodeGenerator::generateCustomizedCode (34 bytes)
Event: 2.325 Thread 0x000001936e0087c0 nmethod 1615 0x0000019354178b10 code [0x0000019354178ce0, 0x0000019354178f98]
Event: 2.325 Thread 0x000001936e0087c0 1616       3       java.lang.invoke.InvokerBytecodeGenerator::lookupPregenerated (294 bytes)
Event: 2.326 Thread 0x000001936e0087c0 nmethod 1616 0x0000019354179090 code [0x0000019354179420, 0x000001935417a928]

GC Heap History (4 events):
Event: 1.177 GC heap before
{Heap before GC invocations=0 (full 0):
 garbage-first heap   total 131072K, used 12288K [0x0000000081c00000, 0x0000000100000000)
  region size 1024K, 13 young (13312K), 0 survivors (0K)
 Metaspace       used 2675K, committed 2880K, reserved 1114112K
  class space    used 268K, committed 384K, reserved 1048576K
}
Event: 1.188 GC heap after
{Heap after GC invocations=1 (full 0):
 garbage-first heap   total 131072K, used 1911K [0x0000000081c00000, 0x0000000100000000)
  region size 1024K, 2 young (2048K), 2 survivors (2048K)
 Metaspace       used 2675K, committed 2880K, reserved 1114112K
  class space    used 268K, committed 384K, reserved 1048576K
}
Event: 1.950 GC heap before
{Heap before GC invocations=1 (full 0):
 garbage-first heap   total 131072K, used 18295K [0x0000000081c00000, 0x0000000100000000)
  region size 1024K, 19 young (19456K), 2 survivors (2048K)
 Metaspace       used 8657K, committed 8960K, reserved 1114112K
  class space    used 1068K, committed 1216K, reserved 1048576K
}
Event: 1.955 GC heap after
{Heap after GC invocations=2 (full 0):
 garbage-first heap   total 131072K, used 4861K [0x0000000081c00000, 0x0000000100000000)
  region size 1024K, 3 young (3072K), 3 survivors (3072K)
 Metaspace       used 8657K, committed 8960K, reserved 1114112K
  class space    used 1068K, committed 1216K, reserved 1048576K
}

Dll operation events (20 events):
Event: 0.991 Loaded shared library C:\Users\majav\.openjfx\cache\19-ea+7\amd64\api-ms-win-crt-filesystem-l1-1-0.dll
Event: 0.994 Loaded shared library C:\Users\majav\.openjfx\cache\19-ea+7\amd64\api-ms-win-crt-heap-l1-1-0.dll
Event: 1.005 Loaded shared library C:\Users\majav\.openjfx\cache\19-ea+7\amd64\api-ms-win-crt-locale-l1-1-0.dll
Event: 1.008 Loaded shared library C:\Users\majav\.openjfx\cache\19-ea+7\amd64\api-ms-win-crt-math-l1-1-0.dll
Event: 1.020 Loaded shared library C:\Users\majav\.openjfx\cache\19-ea+7\amd64\api-ms-win-crt-multibyte-l1-1-0.dll
Event: 1.027 Loaded shared library C:\Users\majav\.openjfx\cache\19-ea+7\amd64\api-ms-win-crt-private-l1-1-0.dll
Event: 1.037 Loaded shared library C:\Users\majav\.openjfx\cache\19-ea+7\amd64\api-ms-win-crt-process-l1-1-0.dll
Event: 1.042 Loaded shared library C:\Users\majav\.openjfx\cache\19-ea+7\amd64\api-ms-win-crt-runtime-l1-1-0.dll
Event: 1.052 Loaded shared library C:\Users\majav\.openjfx\cache\19-ea+7\amd64\api-ms-win-crt-stdio-l1-1-0.dll
Event: 1.056 Loaded shared library C:\Users\majav\.openjfx\cache\19-ea+7\amd64\api-ms-win-crt-string-l1-1-0.dll
Event: 1.060 Loaded shared library C:\Users\majav\.openjfx\cache\19-ea+7\amd64\api-ms-win-crt-time-l1-1-0.dll
Event: 1.070 Loaded shared library C:\Users\majav\.openjfx\cache\19-ea+7\amd64\api-ms-win-crt-utility-l1-1-0.dll
Event: 1.107 Loaded shared library C:\Users\majav\.openjfx\cache\19-ea+7\amd64\ucrtbase.dll
Event: 1.113 Loaded shared library C:\Users\majav\.openjfx\cache\19-ea+7\amd64\vcruntime140.dll
Event: 1.121 Loaded shared library C:\Users\majav\.openjfx\cache\19-ea+7\amd64\vcruntime140_1.dll
Event: 1.139 Loaded shared library C:\Users\majav\.openjfx\cache\19-ea+7\amd64\msvcp140.dll
Event: 1.353 Loaded shared library C:\Users\majav\.openjfx\cache\19-ea+7\amd64\prism_d3d.dll
Event: 1.422 Loaded shared library C:\Users\majav\.jdks\openjdk-19.0.1\bin\jimage.dll
Event: 1.476 Loaded shared library C:\Users\majav\.openjfx\cache\19-ea+7\amd64\glass.dll
Event: 1.991 Loaded shared library C:\Users\majav\.openjfx\cache\19-ea+7\amd64\javafx_font.dll

Deoptimization events (20 events):
Event: 2.170 Thread 0x000001936f0d08b0 Uncommon trap: trap_request=0xffffff45 fr.pc=0x000001935b9f40cc relative=0x000000000000022c
Event: 2.170 Thread 0x000001936f0d08b0 Uncommon trap: reason=unstable_if action=reinterpret pc=0x000001935b9f40cc method=java.lang.String.startsWith(Ljava/lang/String;I)Z @ 50 c2
Event: 2.170 Thread 0x000001936f0d08b0 DEOPT PACKING pc=0x000001935b9f40cc sp=0x00000058764fde20
Event: 2.170 Thread 0x000001936f0d08b0 DEOPT UNPACKING pc=0x000001935b446da3 sp=0x00000058764fdd80 mode 2
Event: 2.171 Thread 0x000001936f0d08b0 Uncommon trap: trap_request=0xffffff45 fr.pc=0x000001935b98b128 relative=0x0000000000000188
Event: 2.171 Thread 0x000001936f0d08b0 Uncommon trap: reason=unstable_if action=reinterpret pc=0x000001935b98b128 method=java.lang.String.equals(Ljava/lang/Object;)Z @ 33 c2
Event: 2.171 Thread 0x000001936f0d08b0 DEOPT PACKING pc=0x000001935b98b128 sp=0x00000058764fd310
Event: 2.171 Thread 0x000001936f0d08b0 DEOPT UNPACKING pc=0x000001935b446da3 sp=0x00000058764fd2b0 mode 2
Event: 2.204 Thread 0x000001936f0d08b0 DEOPT PACKING pc=0x000001935411d2d8 sp=0x00000058764fd460
Event: 2.204 Thread 0x000001936f0d08b0 DEOPT UNPACKING pc=0x000001935b447543 sp=0x00000058764fc948 mode 0
Event: 2.206 Thread 0x000001936f0d08b0 DEOPT PACKING pc=0x000001935411d2d8 sp=0x00000058764fd9a0
Event: 2.206 Thread 0x000001936f0d08b0 DEOPT UNPACKING pc=0x000001935b447543 sp=0x00000058764fce88 mode 0
Event: 2.209 Thread 0x000001936f0d08b0 DEOPT PACKING pc=0x000001935411d2d8 sp=0x00000058764fd670
Event: 2.209 Thread 0x000001936f0d08b0 DEOPT UNPACKING pc=0x000001935b447543 sp=0x00000058764fcb58 mode 0
Event: 2.211 Thread 0x000001936f0d08b0 DEOPT PACKING pc=0x000001935411d2d8 sp=0x00000058764fd680
Event: 2.211 Thread 0x000001936f0d08b0 DEOPT UNPACKING pc=0x000001935b447543 sp=0x00000058764fcb68 mode 0
Event: 2.314 Thread 0x000001936f0d08b0 Uncommon trap: trap_request=0xffffff45 fr.pc=0x000001935ba08bac relative=0x000000000000040c
Event: 2.314 Thread 0x000001936f0d08b0 Uncommon trap: reason=unstable_if action=reinterpret pc=0x000001935ba08bac method=java.lang.AbstractStringBuilder.isLatin1()Z @ 10 c2
Event: 2.314 Thread 0x000001936f0d08b0 DEOPT PACKING pc=0x000001935ba08bac sp=0x00000058764fdd70
Event: 2.314 Thread 0x000001936f0d08b0 DEOPT UNPACKING pc=0x000001935b446da3 sp=0x00000058764fdcb0 mode 2

Classes loaded (20 events):
Event: 2.087 Loading class java/util/WeakHashMap$Values
Event: 2.088 Loading class java/util/WeakHashMap$Values done
Event: 2.088 Loading class java/util/WeakHashMap$ValueIterator
Event: 2.089 Loading class java/util/WeakHashMap$ValueIterator done
Event: 2.090 Loading class java/lang/CloneNotSupportedException
Event: 2.090 Loading class java/lang/CloneNotSupportedException done
Event: 2.152 Loading class sun/nio/cs/UTF_16BE$Decoder
Event: 2.153 Loading class sun/nio/cs/UnicodeDecoder
Event: 2.154 Loading class sun/nio/cs/UnicodeDecoder done
Event: 2.154 Loading class sun/nio/cs/UTF_16BE$Decoder done
Event: 2.261 Loading class java/lang/annotation/Documented
Event: 2.261 Loading class java/lang/annotation/Documented done
Event: 2.264 Loading class java/lang/Class$AnnotationData
Event: 2.265 Loading class java/lang/Class$AnnotationData done
Event: 2.306 Loading class com/sun/org/apache/xerces/internal/impl/io/MalformedByteSequenceException
Event: 2.306 Loading class java/io/CharConversionException
Event: 2.307 Loading class java/io/CharConversionException done
Event: 2.307 Loading class com/sun/org/apache/xerces/internal/impl/io/MalformedByteSequenceException done
Event: 2.308 Loading class java/io/FileReader
Event: 2.308 Loading class java/io/FileReader done

Classes unloaded (0 events):
No events

Classes redefined (0 events):
No events

Internal exceptions (20 events):
Event: 1.869 Thread 0x000001936f0d08b0 Exception <a 'java/lang/NoSuchMethodError'{0x0000000088bf6128}: 'void java.lang.invoke.DirectMethodHandle$Holder.invokeSpecial(java.lang.Object, java.lang.Object, double)'> (0x0000000088bf6128) 
thrown [s\open\src\hotspot\share\interpreter\linkResolver.cpp, line 774]
Event: 1.873 Thread 0x000001936f0d08b0 Exception <a 'java/lang/NoSuchMethodError'{0x0000000088a01d50}: 'double java.lang.invoke.DelegatingMethodHandle$Holder.reinvoke_L(java.lang.Object, java.lang.Object, int)'> (0x0000000088a01d50) 
thrown [s\open\src\hotspot\share\interpreter\linkResolver.cpp, line 774]
Event: 1.877 Thread 0x000001936f0d08b0 Exception <a 'java/lang/NoSuchMethodError'{0x0000000088a13a70}: 'java.lang.Object java.lang.invoke.DirectMethodHandle$Holder.invokeStatic(java.lang.Object, java.lang.Object, java.lang.Object, java.lang.Object, int)'> (0x0000000088a13a70) 
thrown [s\open\src\hotspot\share\interpreter\linkResolver.cpp, line 774]
Event: 1.879 Thread 0x000001936f0d08b0 Exception <a 'java/lang/NoSuchMethodError'{0x0000000088a1f6a0}: 'void java.lang.invoke.DelegatingMethodHandle$Holder.reinvoke_L(java.lang.Object, java.lang.Object, double)'> (0x0000000088a1f6a0) 
thrown [s\open\src\hotspot\share\interpreter\linkResolver.cpp, line 774]
Event: 1.917 Thread 0x000001936f0d08b0 Exception <a 'java/lang/NoSuchMethodError'{0x0000000088ae7d60}: 'java.lang.Object java.lang.invoke.DelegatingMethodHandle$Holder.reinvoke_L(java.lang.Object, double, double, double, double)'> (0x0000000088ae7d60) 
thrown [s\open\src\hotspot\share\interpreter\linkResolver.cpp, line 774]
Event: 1.919 Thread 0x000001936f0d08b0 Exception <a 'java/lang/NoSuchMethodError'{0x0000000088af3100}: 'java.lang.Object java.lang.invoke.DirectMethodHandle$Holder.invokeStatic(java.lang.Object, java.lang.Object, int)'> (0x0000000088af3100) 
thrown [s\open\src\hotspot\share\interpreter\linkResolver.cpp, line 774]
Event: 1.920 Thread 0x000001936f0d08b0 Exception <a 'java/lang/NoSuchMethodError'{0x0000000088af77b0}: 'void java.lang.invoke.DirectMethodHandle$Holder.invokeStatic(java.lang.Object, java.lang.Object, int, java.lang.Object)'> (0x0000000088af77b0) 
thrown [s\open\src\hotspot\share\interpreter\linkResolver.cpp, line 774]
Event: 1.920 Thread 0x000001936f0d08b0 Exception <a 'java/lang/NoSuchMethodError'{0x0000000088afea08}: 'void java.lang.invoke.DelegatingMethodHandle$Holder.delegate(java.lang.Object, java.lang.Object, int, java.lang.Object)'> (0x0000000088afea08) 
thrown [s\open\src\hotspot\share\interpreter\linkResolver.cpp, line 774]
Event: 1.921 Thread 0x000001936f0d08b0 Exception <a 'java/lang/NoSuchMethodError'{0x0000000088902ee8}: 'int java.lang.invoke.DirectMethodHandle$Holder.invokeSpecial(java.lang.Object, java.lang.Object, java.lang.Object)'> (0x0000000088902ee8) 
thrown [s\open\src\hotspot\share\interpreter\linkResolver.cpp, line 774]
Event: 1.939 Thread 0x000001936f0d08b0 Exception <a 'java/lang/ClassNotFoundException'{0x0000000088997410}: com/sun/glass/ui/win/themes> (0x0000000088997410) 
thrown [s\open\src\hotspot\share\prims\jni.cpp, line 536]
Event: 1.941 Thread 0x000001936f0d08b0 Exception <a 'java/lang/ClassNotFoundException'{0x00000000889a32e0}: com/sun/glass/ui/win/themes_en> (0x00000000889a32e0) 
thrown [s\open\src\hotspot\share\prims\jni.cpp, line 536]
Event: 1.942 Thread 0x000001936f0d08b0 Exception <a 'java/lang/ClassNotFoundException'{0x00000000889ab650}: com/sun/glass/ui/win/themes_en_US> (0x00000000889ab650) 
thrown [s\open\src\hotspot\share\prims\jni.cpp, line 536]
Event: 2.089 Thread 0x000001936f0d08b0 Exception <a 'java/lang/NoSuchMethodError'{0x00000000897c7530}: 'void java.lang.invoke.DirectMethodHandle$Holder.invokeStaticInit(java.lang.Object, java.lang.Object)'> (0x00000000897c7530) 
thrown [s\open\src\hotspot\share\interpreter\linkResolver.cpp, line 774]
Event: 2.109 Thread 0x000001936f0d08b0 Exception <a 'sun/nio/fs/WindowsException'{0x0000000089684040}> (0x0000000089684040) 
thrown [s\open\src\hotspot\share\prims\jni.cpp, line 517]
Event: 2.269 Thread 0x000001936f0d08b0 Exception <a 'java/lang/NoSuchMethodError'{0x0000000089360258}: 'void java.lang.invoke.Invokers$Holder.invokeExact_MT(java.lang.Object, java.lang.Object, java.lang.Object, java.lang.Object)'> (0x0000000089360258) 
thrown [s\open\src\hotspot\share\interpreter\linkResolver.cpp, line 774]
Event: 2.295 Thread 0x000001936f0d08b0 Exception <a 'java/lang/NoSuchMethodError'{0x0000000089216468}: 'void java.lang.invoke.DirectMethodHandle$Holder.invokeSpecial(java.lang.Object, java.lang.Object, int)'> (0x0000000089216468) 
thrown [s\open\src\hotspot\share\interpreter\linkResolver.cpp, line 774]
Event: 2.297 Thread 0x000001936f0d08b0 Exception <a 'java/lang/NoSuchMethodError'{0x000000008921a978}: 'int java.lang.invoke.DirectMethodHandle$Holder.invokeSpecial(java.lang.Object, java.lang.Object, java.lang.Object, int)'> (0x000000008921a978) 
thrown [s\open\src\hotspot\share\interpreter\linkResolver.cpp, line 774]
Event: 2.298 Thread 0x000001936f0d08b0 Exception <a 'java/lang/NoSuchMethodError'{0x0000000089225788}: 'void java.lang.invoke.DelegatingMethodHandle$Holder.reinvoke_L(java.lang.Object, java.lang.Object, int)'> (0x0000000089225788) 
thrown [s\open\src\hotspot\share\interpreter\linkResolver.cpp, line 774]
Event: 2.319 Thread 0x000001936f0d08b0 Exception <a 'java/lang/NullPointerException'{0x00000000892be9d8}> (0x00000000892be9d8) 
thrown [s\open\src\hotspot\share\interpreter\linkResolver.cpp, line 1374]
Event: 2.326 Thread 0x000001936f3930e0 Exception <a 'java/lang/NullPointerException'{0x00000000892f0c28}> (0x00000000892f0c28) 
thrown [s\open\src\hotspot\share\prims\jni.cpp, line 901]

VM Operations (20 events):
Event: 0.481 Executing VM operation: HandshakeAllThreads
Event: 0.481 Executing VM operation: HandshakeAllThreads done
Event: 0.508 Executing VM operation: HandshakeAllThreads
Event: 0.508 Executing VM operation: HandshakeAllThreads done
Event: 0.508 Executing VM operation: HandshakeAllThreads
Event: 0.508 Executing VM operation: HandshakeAllThreads done
Event: 0.654 Executing VM operation: HandshakeAllThreads
Event: 0.655 Executing VM operation: HandshakeAllThreads done
Event: 1.177 Executing VM operation: G1CollectForAllocation
Event: 1.188 Executing VM operation: G1CollectForAllocation done
Event: 1.456 Executing VM operation: HandshakeAllThreads
Event: 1.456 Executing VM operation: HandshakeAllThreads done
Event: 1.916 Executing VM operation: HandshakeAllThreads
Event: 1.916 Executing VM operation: HandshakeAllThreads done
Event: 1.919 Executing VM operation: HandshakeAllThreads
Event: 1.919 Executing VM operation: HandshakeAllThreads done
Event: 1.950 Executing VM operation: G1CollectForAllocation
Event: 1.955 Executing VM operation: G1CollectForAllocation done
Event: 1.997 Executing VM operation: HandshakeAllThreads
Event: 1.997 Executing VM operation: HandshakeAllThreads done

Events (20 events):
Event: 0.060 Thread 0x0000019369e8da20 Thread added: 0x0000019369e8da20
Event: 0.060 Thread 0x0000019369e8e5c0 Thread added: 0x0000019369e8e5c0
Event: 0.061 Thread 0x0000019369e91070 Thread added: 0x0000019369e91070
Event: 0.061 Thread 0x0000019369e925c0 Thread added: 0x0000019369e925c0
Event: 0.061 Thread 0x0000019369e92b00 Thread added: 0x0000019369e92b00
Event: 0.061 Thread 0x0000019369e93040 Thread added: 0x0000019369e93040
Event: 0.062 Thread 0x0000019369e938b0 Thread added: 0x0000019369e938b0
Event: 0.073 Thread 0x000001936e0087c0 Thread added: 0x000001936e0087c0
Event: 0.077 Thread 0x0000019369ef8b00 Thread added: 0x0000019369ef8b00
Event: 0.138 Thread 0x0000019369e5a1d0 Thread added: 0x0000019369e5a1d0
Event: 0.240 Thread 0x000001936e115a60 Thread added: 0x000001936e115a60
Event: 0.616 Thread 0x000001936ef5d940 Thread added: 0x000001936ef5d940
Event: 0.616 Thread 0x000001936ef5de80 Thread added: 0x000001936ef5de80
Event: 1.272 Thread 0x000001936ee6eb30 Thread added: 0x000001936ee6eb30
Event: 1.409 Thread 0x000001936e115a60 Thread exited: 0x000001936e115a60
Event: 1.482 Thread 0x000001936f0cff60 Thread added: 0x000001936f0cff60
Event: 1.506 Thread 0x000001936f0d08b0 Thread added: 0x000001936f0d08b0
Event: 1.643 Thread 0x000001936f3930e0 Thread added: 0x000001936f3930e0
Event: 1.658 Thread 0x000001936f38de80 Thread added: 0x000001936f38de80
Event: 2.021 Thread 0x000001936f5663f0 Thread added: 0x000001936f5663f0


Dynamic libraries:
0x00007ff78c7f0000 - 0x00007ff78c7fe000 	C:\Users\majav\.jdks\openjdk-19.0.1\bin\java.exe
0x00007ffaff6b0000 - 0x00007ffaff8a8000 	C:\WINDOWS\SYSTEM32\ntdll.dll
0x00007ffac5d00000 - 0x00007ffac5d17000 	C:\Program Files\AVAST Software\Avast\aswhook.dll
0x00007ffafdcb0000 - 0x00007ffafdd6f000 	C:\WINDOWS\System32\KERNEL32.DLL
0x00007ffafced0000 - 0x00007ffafd1a2000 	C:\WINDOWS\System32\KERNELBASE.dll
0x00007ffafcdd0000 - 0x00007ffafced0000 	C:\WINDOWS\System32\ucrtbase.dll
0x00007ffaf5920000 - 0x00007ffaf5937000 	C:\Users\majav\.jdks\openjdk-19.0.1\bin\jli.dll
0x00007ffafeea0000 - 0x00007ffaff041000 	C:\WINDOWS\System32\USER32.dll
0x00007ffafd3c0000 - 0x00007ffafd3e2000 	C:\WINDOWS\System32\win32u.dll
0x00007ffafd7f0000 - 0x00007ffafd81b000 	C:\WINDOWS\System32\GDI32.dll
0x00007ffafd3f0000 - 0x00007ffafd4ff000 	C:\WINDOWS\System32\gdi32full.dll
0x00007ffafd200000 - 0x00007ffafd29d000 	C:\WINDOWS\System32\msvcp_win.dll
0x00007ffadf310000 - 0x00007ffadf5aa000 	C:\WINDOWS\WinSxS\amd64_microsoft.windows.common-controls_6595b64144ccf1df_6.0.19041.1110_none_60b5254171f9507e\COMCTL32.dll
0x00007ffafd9d0000 - 0x00007ffafda6e000 	C:\WINDOWS\System32\msvcrt.dll
0x00007ffaf5890000 - 0x00007ffaf58ab000 	C:\Users\majav\.jdks\openjdk-19.0.1\bin\VCRUNTIME140.dll
0x00007ffafd7a0000 - 0x00007ffafd7d2000 	C:\WINDOWS\System32\IMM32.DLL
0x00007ffaf8540000 - 0x00007ffaf854c000 	C:\Users\majav\.jdks\openjdk-19.0.1\bin\vcruntime140_1.dll
0x00007ffae5060000 - 0x00007ffae50ee000 	C:\Users\majav\.jdks\openjdk-19.0.1\bin\msvcp140.dll
0x00007ffaa1dc0000 - 0x00007ffaa2a80000 	C:\Users\majav\.jdks\openjdk-19.0.1\bin\server\jvm.dll
0x00007ffafd6f0000 - 0x00007ffafd79e000 	C:\WINDOWS\System32\ADVAPI32.dll
0x00007ffaff050000 - 0x00007ffaff0ec000 	C:\WINDOWS\System32\sechost.dll
0x00007ffafde80000 - 0x00007ffafdfa5000 	C:\WINDOWS\System32\RPCRT4.dll
0x00007ffaea8b0000 - 0x00007ffaea8b9000 	C:\WINDOWS\SYSTEM32\WSOCK32.dll
0x00007ffafe420000 - 0x00007ffafe48b000 	C:\WINDOWS\System32\WS2_32.dll
0x00007ffae1c80000 - 0x00007ffae1ca7000 	C:\WINDOWS\SYSTEM32\WINMM.dll
0x00007ffaf14f0000 - 0x00007ffaf14fa000 	C:\WINDOWS\SYSTEM32\VERSION.dll
0x00007ffafb5f0000 - 0x00007ffafb602000 	C:\WINDOWS\SYSTEM32\kernel.appcore.dll
0x00007ffaf7d40000 - 0x00007ffaf7d4a000 	C:\Users\majav\.jdks\openjdk-19.0.1\bin\jimage.dll
0x00007ffafab60000 - 0x00007ffafad44000 	C:\WINDOWS\SYSTEM32\DBGHELP.DLL
0x00007ffaeca60000 - 0x00007ffaeca95000 	C:\WINDOWS\SYSTEM32\dbgcore.DLL
0x00007ffafd500000 - 0x00007ffafd582000 	C:\WINDOWS\System32\bcryptPrimitives.dll
0x00007ffaf7c10000 - 0x00007ffaf7c1e000 	C:\Users\majav\.jdks\openjdk-19.0.1\bin\instrument.dll
0x00007ffaf4130000 - 0x00007ffaf4156000 	C:\Users\majav\.jdks\openjdk-19.0.1\bin\java.dll
0x00007ffac61a0000 - 0x00007ffac6277000 	C:\Users\majav\.jdks\openjdk-19.0.1\bin\jsvml.dll
0x00007ffafe5c0000 - 0x00007ffafed04000 	C:\WINDOWS\System32\SHELL32.dll
0x00007ffafae40000 - 0x00007ffafb5d2000 	C:\WINDOWS\SYSTEM32\windows.storage.dll
0x00007ffaff310000 - 0x00007ffaff665000 	C:\WINDOWS\System32\combase.dll
0x00007ffafc720000 - 0x00007ffafc750000 	C:\WINDOWS\SYSTEM32\Wldp.dll
0x00007ffaff180000 - 0x00007ffaff22d000 	C:\WINDOWS\System32\SHCORE.dll
0x00007ffafdd70000 - 0x00007ffafddc5000 	C:\WINDOWS\System32\shlwapi.dll
0x00007ffafcce0000 - 0x00007ffafccff000 	C:\WINDOWS\SYSTEM32\profapi.dll
0x00007ffaf5600000 - 0x00007ffaf5613000 	C:\Users\majav\.jdks\openjdk-19.0.1\bin\net.dll
0x00007ffaec850000 - 0x00007ffaec95c000 	C:\WINDOWS\SYSTEM32\WINHTTP.dll
0x00007ffafc480000 - 0x00007ffafc4ea000 	C:\WINDOWS\system32\mswsock.dll
0x00007ffaf50b0000 - 0x00007ffaf50c6000 	C:\Users\majav\.jdks\openjdk-19.0.1\bin\nio.dll
0x00007ffaf4050000 - 0x00007ffaf4068000 	C:\Users\majav\.jdks\openjdk-19.0.1\bin\zip.dll
0x00007ffaf4030000 - 0x00007ffaf404a000 	C:\Program Files\JetBrains\IntelliJ IDEA 2022.2.3\bin\breakgen64.dll
0x000001934bee0000 - 0x000001934bee3000 	C:\Users\majav\.openjfx\cache\19-ea+7\amd64\api-ms-win-core-console-l1-1-0.dll
0x000001934bef0000 - 0x000001934bef3000 	C:\Users\majav\.openjfx\cache\19-ea+7\amd64\api-ms-win-core-console-l1-2-0.dll
0x000001934bf00000 - 0x000001934bf03000 	C:\Users\majav\.openjfx\cache\19-ea+7\amd64\api-ms-win-core-datetime-l1-1-0.dll
0x000001934bf10000 - 0x000001934bf13000 	C:\Users\majav\.openjfx\cache\19-ea+7\amd64\api-ms-win-core-debug-l1-1-0.dll
0x000001936fbd0000 - 0x000001936fbd3000 	C:\Users\majav\.openjfx\cache\19-ea+7\amd64\api-ms-win-core-errorhandling-l1-1-0.dll
0x000001936fbe0000 - 0x000001936fbe4000 	C:\Users\majav\.openjfx\cache\19-ea+7\amd64\api-ms-win-core-file-l1-1-0.dll
0x000001936fbf0000 - 0x000001936fbf3000 	C:\Users\majav\.openjfx\cache\19-ea+7\amd64\api-ms-win-core-file-l1-2-0.dll
0x000001936fc00000 - 0x000001936fc03000 	C:\Users\majav\.openjfx\cache\19-ea+7\amd64\api-ms-win-core-file-l2-1-0.dll
0x000001936fc10000 - 0x000001936fc13000 	C:\Users\majav\.openjfx\cache\19-ea+7\amd64\api-ms-win-core-handle-l1-1-0.dll
0x000001936fc20000 - 0x000001936fc23000 	C:\Users\majav\.openjfx\cache\19-ea+7\amd64\api-ms-win-core-heap-l1-1-0.dll
0x000001936fc30000 - 0x000001936fc33000 	C:\Users\majav\.openjfx\cache\19-ea+7\amd64\api-ms-win-core-interlocked-l1-1-0.dll
0x000001936fc40000 - 0x000001936fc43000 	C:\Users\majav\.openjfx\cache\19-ea+7\amd64\api-ms-win-core-libraryloader-l1-1-0.dll
0x000001936fc50000 - 0x000001936fc53000 	C:\Users\majav\.openjfx\cache\19-ea+7\amd64\api-ms-win-core-localization-l1-2-0.dll
0x000001936fc60000 - 0x000001936fc63000 	C:\Users\majav\.openjfx\cache\19-ea+7\amd64\api-ms-win-core-memory-l1-1-0.dll
0x000001936fc70000 - 0x000001936fc73000 	C:\Users\majav\.openjfx\cache\19-ea+7\amd64\api-ms-win-core-namedpipe-l1-1-0.dll
0x000001936fc80000 - 0x000001936fc83000 	C:\Users\majav\.openjfx\cache\19-ea+7\amd64\api-ms-win-core-processenvironment-l1-1-0.dll
0x000001936fc90000 - 0x000001936fc93000 	C:\Users\majav\.openjfx\cache\19-ea+7\amd64\api-ms-win-core-processthreads-l1-1-0.dll
0x000001936fca0000 - 0x000001936fca3000 	C:\Users\majav\.openjfx\cache\19-ea+7\amd64\api-ms-win-core-processthreads-l1-1-1.dll
0x000001936fcb0000 - 0x000001936fcb3000 	C:\Users\majav\.openjfx\cache\19-ea+7\amd64\api-ms-win-core-profile-l1-1-0.dll
0x000001936fcc0000 - 0x000001936fcc3000 	C:\Users\majav\.openjfx\cache\19-ea+7\amd64\api-ms-win-core-rtlsupport-l1-1-0.dll
0x000001936fcd0000 - 0x000001936fcd3000 	C:\Users\majav\.openjfx\cache\19-ea+7\amd64\api-ms-win-core-string-l1-1-0.dll
0x000001936fce0000 - 0x000001936fce3000 	C:\Users\majav\.openjfx\cache\19-ea+7\amd64\api-ms-win-core-synch-l1-1-0.dll
0x000001936fcf0000 - 0x000001936fcf3000 	C:\Users\majav\.openjfx\cache\19-ea+7\amd64\api-ms-win-core-synch-l1-2-0.dll
0x000001936fd00000 - 0x000001936fd03000 	C:\Users\majav\.openjfx\cache\19-ea+7\amd64\api-ms-win-core-sysinfo-l1-1-0.dll
0x000001936fd10000 - 0x000001936fd13000 	C:\Users\majav\.openjfx\cache\19-ea+7\amd64\api-ms-win-core-timezone-l1-1-0.dll
0x000001936fd20000 - 0x000001936fd23000 	C:\Users\majav\.openjfx\cache\19-ea+7\amd64\api-ms-win-core-util-l1-1-0.dll
0x000001936fd30000 - 0x000001936fd33000 	C:\Users\majav\.openjfx\cache\19-ea+7\amd64\api-ms-win-crt-conio-l1-1-0.dll
0x000001936fd40000 - 0x000001936fd44000 	C:\Users\majav\.openjfx\cache\19-ea+7\amd64\api-ms-win-crt-convert-l1-1-0.dll
0x000001936fd50000 - 0x000001936fd53000 	C:\Users\majav\.openjfx\cache\19-ea+7\amd64\api-ms-win-crt-environment-l1-1-0.dll
0x000001936fd60000 - 0x000001936fd63000 	C:\Users\majav\.openjfx\cache\19-ea+7\amd64\api-ms-win-crt-filesystem-l1-1-0.dll
0x000001936fd70000 - 0x000001936fd73000 	C:\Users\majav\.openjfx\cache\19-ea+7\amd64\api-ms-win-crt-heap-l1-1-0.dll
0x000001936fd80000 - 0x000001936fd83000 	C:\Users\majav\.openjfx\cache\19-ea+7\amd64\api-ms-win-crt-locale-l1-1-0.dll
0x000001936fd90000 - 0x000001936fd95000 	C:\Users\majav\.openjfx\cache\19-ea+7\amd64\api-ms-win-crt-math-l1-1-0.dll
0x000001936fda0000 - 0x000001936fda5000 	C:\Users\majav\.openjfx\cache\19-ea+7\amd64\api-ms-win-crt-multibyte-l1-1-0.dll
0x000001936fdb0000 - 0x000001936fdc0000 	C:\Users\majav\.openjfx\cache\19-ea+7\amd64\api-ms-win-crt-private-l1-1-0.dll
0x000001936fdc0000 - 0x000001936fdc3000 	C:\Users\majav\.openjfx\cache\19-ea+7\amd64\api-ms-win-crt-process-l1-1-0.dll
0x000001936fdd0000 - 0x000001936fdd4000 	C:\Users\majav\.openjfx\cache\19-ea+7\amd64\api-ms-win-crt-runtime-l1-1-0.dll
0x000001936fde0000 - 0x000001936fde4000 	C:\Users\majav\.openjfx\cache\19-ea+7\amd64\api-ms-win-crt-stdio-l1-1-0.dll
0x000001936fdf0000 - 0x000001936fdf4000 	C:\Users\majav\.openjfx\cache\19-ea+7\amd64\api-ms-win-crt-string-l1-1-0.dll
0x000001936fe00000 - 0x000001936fe03000 	C:\Users\majav\.openjfx\cache\19-ea+7\amd64\api-ms-win-crt-time-l1-1-0.dll
0x000001936fe10000 - 0x000001936fe13000 	C:\Users\majav\.openjfx\cache\19-ea+7\amd64\api-ms-win-crt-utility-l1-1-0.dll
0x00007ffac2800000 - 0x00007ffac28fc000 	C:\Users\majav\.openjfx\cache\19-ea+7\amd64\ucrtbase.dll
0x00007ffaf3c60000 - 0x00007ffaf3c7b000 	C:\Users\majav\.openjfx\cache\19-ea+7\amd64\vcruntime140.dll
0x00007ffaf4fb0000 - 0x00007ffaf4fbc000 	C:\Users\majav\.openjfx\cache\19-ea+7\amd64\vcruntime140_1.dll
0x00007ffac8620000 - 0x00007ffac86ae000 	C:\Users\majav\.openjfx\cache\19-ea+7\amd64\msvcp140.dll
0x00007ffad8f40000 - 0x00007ffad8f6c000 	C:\Users\majav\.openjfx\cache\19-ea+7\amd64\prism_d3d.dll
0x00007ffaae130000 - 0x00007ffaae2fe000 	C:\WINDOWS\system32\d3d9.dll
0x00007ffafa5d0000 - 0x00007ffafa5ff000 	C:\WINDOWS\SYSTEM32\dwmapi.dll
0x00007ffafa3f0000 - 0x00007ffafa48e000 	C:\WINDOWS\system32\uxtheme.dll
0x00007ffafed10000 - 0x00007ffafee3a000 	C:\WINDOWS\System32\ole32.dll
0x00007ffafe490000 - 0x00007ffafe55d000 	C:\WINDOWS\System32\OLEAUT32.dll
0x00007ffafd1b0000 - 0x00007ffafd1fe000 	C:\WINDOWS\System32\cfgmgr32.dll
0x00007ffafcda0000 - 0x00007ffafcdc7000 	C:\WINDOWS\System32\bcrypt.dll
0x00007ffad58b0000 - 0x00007ffad58f2000 	C:\Users\majav\.openjfx\cache\19-ea+7\amd64\glass.dll
0x00007ffaff230000 - 0x00007ffaff30a000 	C:\WINDOWS\System32\COMDLG32.dll
0x00007ffafd820000 - 0x00007ffafd935000 	C:\WINDOWS\System32\MSCTF.dll
0x00007ffafc670000 - 0x00007ffafc688000 	C:\WINDOWS\SYSTEM32\CRYPTSP.dll
0x00007ffafbda0000 - 0x00007ffafbdd4000 	C:\WINDOWS\system32\rsaenh.dll
0x00007ffafc690000 - 0x00007ffafc69c000 	C:\WINDOWS\SYSTEM32\CRYPTBASE.dll
0x00007ffaf69f0000 - 0x00007ffaf6a2b000 	C:\WINDOWS\SYSTEM32\dxcore.dll
0x00007ffae58c0000 - 0x00007ffae58d4000 	C:\Users\majav\.openjfx\cache\19-ea+7\amd64\javafx_font.dll
0x00007ffad6410000 - 0x00007ffad668f000 	C:\WINDOWS\SYSTEM32\dwrite.dll

dbghelp: loaded successfully - version: 4.0.5 - missing functions: none
symbol engine: initialized successfully - sym options: 0x614 - pdb path: .;C:\Users\majav\.jdks\openjdk-19.0.1\bin;C:\WINDOWS\SYSTEM32;C:\Program Files\AVAST Software\Avast;C:\WINDOWS\WinSxS\amd64_microsoft.windows.common-controls_6595b64144ccf1df_6.0.19041.1110_none_60b5254171f9507e;C:\Users\majav\.jdks\openjdk-19.0.1\bin\server;C:\Program Files\JetBrains\IntelliJ IDEA 2022.2.3\bin;C:\Users\majav\.openjfx\cache\19-ea+7\amd64;C:\WINDOWS\System32\DriverStore\FileRepository\iigd_dch.inf_amd64_657d56a89b3d77d6

VM Arguments:
jvm_args: -javaagent:C:\Program Files\JetBrains\IntelliJ IDEA 2022.2.3\lib\idea_rt.jar=58889:C:\Program Files\JetBrains\IntelliJ IDEA 2022.2.3\bin -Dfile.encoding=UTF-8 -Dsun.stdout.encoding=UTF-8 -Dsun.stderr.encoding=UTF-8 --module-path=C:\Users\majav\.m2\repository\org\openjfx\javafx-controls\19-ea+7\javafx-controls-19-ea+7-win.jar;C:\Users\majav\.m2\repository\org\openjfx\javafx-fxml\19-ea+7\javafx-fxml-19-ea+7-win.jar;C:\Users\majav\.m2\repository\org\openjfx\javafx-graphics\19-ea+7\javafx-graphics-19-ea+7-win.jar;C:\Users\majav\.m2\repository\org\openjfx\javafx-base\19-ea+7\javafx-base-19-ea+7-win.jar;C:\Users\majav\.m2\repository\com\dlsc\formsfx\formsfx-core\11.5.0\formsfx-core-11.5.0.jar;G:\5 semestar\Java\projekt\OrganizacijaRecepata\target\classes;C:\Users\majav\.m2\repository\org\kordamp\bootstrapfx\bootstrapfx-core\0.4.0\bootstrapfx-core-0.4.0.jar;C:\Users\majav\.m2\repository\org\kordamp\ikonli\ikonli-javafx\12.3.1\ikonli-javafx-12.3.1.jar;C:\Users\majav\.m2\repository\org\kordamp\ikonli\ikonli-core\12.3.1\ikonli-core-12.3.1.jar -Djdk.module.main=com.projekt.organizacijarecepata 
java_command: com.projekt.organizacijarecepata/com.projekt.organizacijarecepata.Service.Run
java_class_path (initial): C:\Users\majav\.m2\repository\org\openjfx\javafx-controls\19-ea+7\javafx-controls-19-ea+7.jar;C:\Users\majav\.m2\repository\org\openjfx\javafx-graphics\19-ea+7\javafx-graphics-19-ea+7.jar;C:\Users\majav\.m2\repository\org\openjfx\javafx-base\19-ea+7\javafx-base-19-ea+7.jar;C:\Users\majav\.m2\repository\org\openjfx\javafx-fxml\19-ea+7\javafx-fxml-19-ea+7.jar;C:\Users\majav\.m2\repository\com\h2database\h2\2.1.214\h2-2.1.214.jar
Launcher Type: SUN_STANDARD

[Global flags]
     intx CICompilerCount                          = 3                                         {product} {ergonomic}
     uint ConcGCThreads                            = 1                                         {product} {ergonomic}
     uint G1ConcRefinementThreads                  = 4                                         {product} {ergonomic}
   size_t G1HeapRegionSize                         = 1048576                                   {product} {ergonomic}
    uintx GCDrainStackTargetSize                   = 64                                        {product} {ergonomic}
   size_t InitialHeapSize                          = 134217728                                 {product} {ergonomic}
   size_t MarkStackSize                            = 4194304                                   {product} {ergonomic}
   size_t MaxHeapSize                              = 2118123520                                {product} {ergonomic}
   size_t MaxNewSize                               = 1270874112                                {product} {ergonomic}
   size_t MinHeapDeltaBytes                        = 1048576                                   {product} {ergonomic}
   size_t MinHeapSize                              = 8388608                                   {product} {ergonomic}
    uintx NonNMethodCodeHeapSize                   = 5832780                                {pd product} {ergonomic}
    uintx NonProfiledCodeHeapSize                  = 122912730                              {pd product} {ergonomic}
    uintx ProfiledCodeHeapSize                     = 122912730                              {pd product} {ergonomic}
    uintx ReservedCodeCacheSize                    = 251658240                              {pd product} {ergonomic}
     bool SegmentedCodeCache                       = true                                      {product} {ergonomic}
   size_t SoftMaxHeapSize                          = 2118123520                             {manageable} {ergonomic}
     bool UseCompressedClassPointers               = true                           {product lp64_product} {ergonomic}
     bool UseCompressedOops                        = true                           {product lp64_product} {ergonomic}
     bool UseG1GC                                  = true                                      {product} {ergonomic}
     bool UseLargePagesIndividualAllocation        = false                                  {pd product} {ergonomic}

Logging:
Log output configuration:
 #0: stdout all=warning uptime,level,tags foldmultilines=false
 #1: stderr all=off uptime,level,tags foldmultilines=false

Environment Variables:
PATH=C:\Program Files (x86)\VMware\VMware Player\bin\;C:\Program Files (x86)\Common Files\Oracle\Java\javapath;C:\ProgramData\Oracle\Java\javapath;C:\WINDOWS\system32;C:\WINDOWS;C:\WINDOWS\System32\Wbem;C:\WINDOWS\System32\WindowsPowerShell\v1.0\;C:\WINDOWS\System32\OpenSSH\;C:\Program Files\Microsoft SQL Server\130\Tools\Binn\;c:\Program Files (x86)\Microsoft SQL Server\100\Tools\Binn\;c:\Program Files\Microsoft SQL Server\100\Tools\Binn\;c:\Program Files\Microsoft SQL Server\100\DTS\Binn\;C:\Program Files\Microsoft SQL Server\Client SDK\ODBC\170\Tools\Binn\;E:\runtime\win64;E:\bin;C:\Program Files\Microchip\xc8\v2.31\bin;C:\Program Files (x86)\Calibre2\;C:\Program Files (x86)\infogridpacific\AZARDI\bin;C:\Program Files (x86)\infogridpacific\AZARDI\bin;C:\Program Files\PuTTY\;C:\Program Files\Microsoft SQL Server\150\Tools\Binn\;C:\Program Files\dotnet\;C:\Users\majav\AppData\Local\Microsoft\WindowsApps;C:\Program Files\mingw-w64\x86_64-8.1.0-posix-seh-rt_v6-rev0\mingw64\bin;C:\Users\majav\AppData\Local\Programs\Microsoft VS Code\bin;C:\xampp\php;;C:\Program Files\JetBrains\IntelliJ IDEA 2022.2.3\bin;;C:\Users\majav\.dotnet\tools
USERNAME=majav
OS=Windows_NT
PROCESSOR_IDENTIFIER=Intel64 Family 6 Model 142 Stepping 12, GenuineIntel
TMP=C:\Users\majav\AppData\Local\Temp
TEMP=C:\Users\majav\AppData\Local\Temp



---------------  S Y S T E M  ---------------

OS:
 Windows 10 , 64 bit Build 19041 (10.0.19041.2364)
OS uptime: 23 days 7:37 hours

CPU: total 4 (initial active 4) (2 cores per cpu, 2 threads per core) family 6 model 142 stepping 12 microcode 0xb8, cx8, cmov, fxsr, ht, mmx, 3dnowpref, sse, sse2, sse3, ssse3, sse4.1, sse4.2, popcnt, lzcnt, tsc, tscinvbit, avx, avx2, aes, erms, clmul, bmi1, bmi2, adx, fma, vzeroupper, clflush, clflushopt, rdtscp

Memory: 4k page, system-wide physical 8072M (872M free)
TotalPageFile size 19524M (AvailPageFile size 2488M)
current process WorkingSet (physical memory assigned to process): 107M, peak: 120M
current process commit charge ("private bytes"): 247M, peak: 263M

vm_info: OpenJDK 64-Bit Server VM (19.0.1+10-21) for windows-amd64 JRE (19.0.1+10-21), built on 2022-09-14T12:45:06Z by "mach5one" with MS VC++ 17.1 (VS2022)

END.
